18:51:06.595 [main] log-level=ERROR o.h.e.jdbc.spi.SqlExceptionHelper  ERROR: null value in column "ispaid" of relation "users" violates not-null constraint
  Detail: Failing row contains (null, null, null, null, null, user1, null, null, $2a$10$vehReedDakFj0pF2fwcG/uJdb4RnHm9SmkQ7ami3SPanbSU7pN7tu).
19:18:47.278 [main] log-level=ERROR o.h.e.jdbc.spi.SqlExceptionHelper  ERROR: null value in column "ispaid" of relation "users" violates not-null constraint
  Detail: Failing row contains (null, null, null, null, null, user1, null, null, $2a$10$3mpaYJnPnwjC6aydvhtpsOsMzAKzwO.T5CHegM8NBYXwv9Hy0AgRa).
19:22:26.585 [main] log-level=ERROR o.h.e.jdbc.spi.SqlExceptionHelper  ERROR: null value in column "booking_id" of relation "users" violates not-null constraint
  Detail: Failing row contains (user1, $2a$10$ANvOjSVHABPBJ4DQaZpyGOOAUhrJ6TMaeoi7mLPogXf5XT/7dEPR., null, null, null, null, null, null, null).
19:23:32.198 [main] log-level=ERROR o.h.e.jdbc.spi.SqlExceptionHelper  ERROR: null value in column "booking_id" of relation "users" violates not-null constraint
  Detail: Failing row contains (user1, $2a$10$a1lC8jpkGTbHjksqyjnbDOMjmSEp4ar6cc35BQ2VJcyDbnIKoBKJm, null, null, null, null, null, null, null).
19:26:05.065 [main] log-level=ERROR o.h.e.jdbc.spi.SqlExceptionHelper  ERROR: null value in column "booking_id" of relation "users" violates not-null constraint
  Detail: Failing row contains (user1, $2a$10$4QMULyQPsVh87mLjX45VkOYxx4DniZ8JcmSqKFs3lGQrK2ZHmBATS, null, null, null, null, null, null, null).
19:37:01.311 [main] log-level=ERROR o.h.e.jdbc.spi.SqlExceptionHelper  ERROR: null value in column "booking_id" of relation "users" violates not-null constraint
  Detail: Failing row contains (user1, $2a$10$YU3BaR35YV1.G.zDKez8GOsfMTidYSmgjL.SyqQ9SbaqdtrtnJmUO, null, null, null, null, null, null, null).
19:41:42.743 [main] log-level=ERROR o.h.e.jdbc.spi.SqlExceptionHelper  ERROR: insert or update on table "bookings" violates foreign key constraint "fk4ikdodunfq8l07h8xln7bwddn"
  Detail: Key (participant_id)=(user4) is not present in table "participants".
19:41:42.755 [main] log-level=ERROR o.h.e.jdbc.spi.SqlExceptionHelper  ERROR: insert or update on table "bookings" violates foreign key constraint "fk4ikdodunfq8l07h8xln7bwddn"
  Detail: Key (participant_id)=(user5) is not present in table "participants".
19:41:42.763 [main] log-level=ERROR o.h.e.jdbc.spi.SqlExceptionHelper  ERROR: insert or update on table "bookings" violates foreign key constraint "fk4ikdodunfq8l07h8xln7bwddn"
  Detail: Key (participant_id)=(user3) is not present in table "participants".
19:41:42.771 [main] log-level=ERROR o.h.e.jdbc.spi.SqlExceptionHelper  ERROR: insert or update on table "bookings" violates foreign key constraint "fk4ikdodunfq8l07h8xln7bwddn"
  Detail: Key (participant_id)=(super) is not present in table "participants".
19:41:42.777 [main] log-level=ERROR o.h.e.jdbc.spi.SqlExceptionHelper  ERROR: insert or update on table "bookings" violates foreign key constraint "fk4ikdodunfq8l07h8xln7bwddn"
  Detail: Key (participant_id)=(user4) is not present in table "participants".
19:41:42.783 [main] log-level=ERROR o.h.e.jdbc.spi.SqlExceptionHelper  ERROR: insert or update on table "bookings" violates foreign key constraint "fk4ikdodunfq8l07h8xln7bwddn"
  Detail: Key (participant_id)=(user7) is not present in table "participants".
19:41:42.789 [main] log-level=ERROR o.h.e.jdbc.spi.SqlExceptionHelper  ERROR: insert or update on table "bookings" violates foreign key constraint "fk4ikdodunfq8l07h8xln7bwddn"
  Detail: Key (participant_id)=(admin) is not present in table "participants".
19:41:42.795 [main] log-level=ERROR o.h.e.jdbc.spi.SqlExceptionHelper  ERROR: insert or update on table "bookings" violates foreign key constraint "fk4ikdodunfq8l07h8xln7bwddn"
  Detail: Key (participant_id)=(user2) is not present in table "participants".
19:41:42.801 [main] log-level=ERROR o.h.e.jdbc.spi.SqlExceptionHelper  ERROR: insert or update on table "bookings" violates foreign key constraint "fk4ikdodunfq8l07h8xln7bwddn"
  Detail: Key (participant_id)=(admin) is not present in table "participants".
19:41:42.807 [main] log-level=ERROR o.h.e.jdbc.spi.SqlExceptionHelper  ERROR: insert or update on table "bookings" violates foreign key constraint "fk4ikdodunfq8l07h8xln7bwddn"
  Detail: Key (participant_id)=(user5) is not present in table "participants".
19:41:42.813 [main] log-level=ERROR o.h.e.jdbc.spi.SqlExceptionHelper  ERROR: insert or update on table "bookings" violates foreign key constraint "fk4ikdodunfq8l07h8xln7bwddn"
  Detail: Key (participant_id)=(user3) is not present in table "participants".
19:41:42.818 [main] log-level=ERROR o.h.e.jdbc.spi.SqlExceptionHelper  ERROR: insert or update on table "bookings" violates foreign key constraint "fk4ikdodunfq8l07h8xln7bwddn"
  Detail: Key (participant_id)=(user4) is not present in table "participants".
19:41:42.826 [main] log-level=ERROR o.h.e.jdbc.spi.SqlExceptionHelper  ERROR: insert or update on table "bookings" violates foreign key constraint "fk4ikdodunfq8l07h8xln7bwddn"
  Detail: Key (participant_id)=(user2) is not present in table "participants".
19:41:42.832 [main] log-level=ERROR o.h.e.jdbc.spi.SqlExceptionHelper  ERROR: insert or update on table "bookings" violates foreign key constraint "fk4ikdodunfq8l07h8xln7bwddn"
  Detail: Key (participant_id)=(user3) is not present in table "participants".
19:41:42.837 [main] log-level=ERROR o.h.e.jdbc.spi.SqlExceptionHelper  ERROR: insert or update on table "bookings" violates foreign key constraint "fk4ikdodunfq8l07h8xln7bwddn"
  Detail: Key (participant_id)=(user6) is not present in table "participants".
19:41:42.843 [main] log-level=ERROR o.h.e.jdbc.spi.SqlExceptionHelper  ERROR: insert or update on table "bookings" violates foreign key constraint "fk4ikdodunfq8l07h8xln7bwddn"
  Detail: Key (participant_id)=(admin) is not present in table "participants".
19:41:42.849 [main] log-level=ERROR o.h.e.jdbc.spi.SqlExceptionHelper  ERROR: insert or update on table "bookings" violates foreign key constraint "fk4ikdodunfq8l07h8xln7bwddn"
  Detail: Key (participant_id)=(admin) is not present in table "participants".
19:41:42.853 [main] log-level=ERROR o.h.e.jdbc.spi.SqlExceptionHelper  ERROR: insert or update on table "bookings" violates foreign key constraint "fk4ikdodunfq8l07h8xln7bwddn"
  Detail: Key (participant_id)=(admin) is not present in table "participants".
19:41:42.858 [main] log-level=ERROR o.h.e.jdbc.spi.SqlExceptionHelper  ERROR: insert or update on table "bookings" violates foreign key constraint "fk4ikdodunfq8l07h8xln7bwddn"
  Detail: Key (participant_id)=(user4) is not present in table "participants".
19:41:42.866 [main] log-level=ERROR o.h.e.jdbc.spi.SqlExceptionHelper  ERROR: insert or update on table "bookings" violates foreign key constraint "fk4ikdodunfq8l07h8xln7bwddn"
  Detail: Key (participant_id)=(admin) is not present in table "participants".
19:41:42.871 [main] log-level=ERROR o.h.e.jdbc.spi.SqlExceptionHelper  ERROR: insert or update on table "bookings" violates foreign key constraint "fk4ikdodunfq8l07h8xln7bwddn"
  Detail: Key (participant_id)=(user7) is not present in table "participants".
19:41:42.879 [main] log-level=ERROR o.h.e.jdbc.spi.SqlExceptionHelper  ERROR: insert or update on table "bookings" violates foreign key constraint "fk4ikdodunfq8l07h8xln7bwddn"
  Detail: Key (participant_id)=(admin) is not present in table "participants".
19:41:42.887 [main] log-level=ERROR o.h.e.jdbc.spi.SqlExceptionHelper  ERROR: insert or update on table "bookings" violates foreign key constraint "fk4ikdodunfq8l07h8xln7bwddn"
  Detail: Key (participant_id)=(admin) is not present in table "participants".
19:41:42.897 [main] log-level=ERROR o.h.e.jdbc.spi.SqlExceptionHelper  ERROR: insert or update on table "bookings" violates foreign key constraint "fk4ikdodunfq8l07h8xln7bwddn"
  Detail: Key (participant_id)=(user1) is not present in table "participants".
19:41:42.908 [main] log-level=ERROR o.h.e.jdbc.spi.SqlExceptionHelper  ERROR: insert or update on table "bookings" violates foreign key constraint "fk4ikdodunfq8l07h8xln7bwddn"
  Detail: Key (participant_id)=(admin) is not present in table "participants".
19:41:42.917 [main] log-level=ERROR o.h.e.jdbc.spi.SqlExceptionHelper  ERROR: insert or update on table "bookings" violates foreign key constraint "fk4ikdodunfq8l07h8xln7bwddn"
  Detail: Key (participant_id)=(user6) is not present in table "participants".
19:41:42.927 [main] log-level=ERROR o.h.e.jdbc.spi.SqlExceptionHelper  ERROR: insert or update on table "bookings" violates foreign key constraint "fk4ikdodunfq8l07h8xln7bwddn"
  Detail: Key (participant_id)=(user2) is not present in table "participants".
19:41:42.934 [main] log-level=ERROR o.h.e.jdbc.spi.SqlExceptionHelper  ERROR: insert or update on table "bookings" violates foreign key constraint "fk4ikdodunfq8l07h8xln7bwddn"
  Detail: Key (participant_id)=(user6) is not present in table "participants".
19:41:42.942 [main] log-level=ERROR o.h.e.jdbc.spi.SqlExceptionHelper  ERROR: insert or update on table "bookings" violates foreign key constraint "fk4ikdodunfq8l07h8xln7bwddn"
  Detail: Key (participant_id)=(user7) is not present in table "participants".
19:41:42.952 [main] log-level=ERROR o.h.e.jdbc.spi.SqlExceptionHelper  ERROR: insert or update on table "bookings" violates foreign key constraint "fk4ikdodunfq8l07h8xln7bwddn"
  Detail: Key (participant_id)=(user3) is not present in table "participants".
19:41:42.959 [main] log-level=ERROR o.h.e.jdbc.spi.SqlExceptionHelper  ERROR: insert or update on table "bookings" violates foreign key constraint "fk4ikdodunfq8l07h8xln7bwddn"
  Detail: Key (participant_id)=(user3) is not present in table "participants".
19:41:42.966 [main] log-level=ERROR o.h.e.jdbc.spi.SqlExceptionHelper  ERROR: insert or update on table "bookings" violates foreign key constraint "fk4ikdodunfq8l07h8xln7bwddn"
  Detail: Key (participant_id)=(user7) is not present in table "participants".
19:41:42.973 [main] log-level=ERROR o.h.e.jdbc.spi.SqlExceptionHelper  ERROR: insert or update on table "bookings" violates foreign key constraint "fk4ikdodunfq8l07h8xln7bwddn"
  Detail: Key (participant_id)=(user2) is not present in table "participants".
19:41:42.978 [main] log-level=ERROR o.h.e.jdbc.spi.SqlExceptionHelper  ERROR: insert or update on table "bookings" violates foreign key constraint "fk4ikdodunfq8l07h8xln7bwddn"
  Detail: Key (participant_id)=(user4) is not present in table "participants".
19:41:42.984 [main] log-level=ERROR o.h.e.jdbc.spi.SqlExceptionHelper  ERROR: insert or update on table "bookings" violates foreign key constraint "fk4ikdodunfq8l07h8xln7bwddn"
  Detail: Key (participant_id)=(user5) is not present in table "participants".
19:41:42.989 [main] log-level=ERROR o.h.e.jdbc.spi.SqlExceptionHelper  ERROR: insert or update on table "bookings" violates foreign key constraint "fk4ikdodunfq8l07h8xln7bwddn"
  Detail: Key (participant_id)=(user7) is not present in table "participants".
19:41:42.997 [main] log-level=ERROR o.h.e.jdbc.spi.SqlExceptionHelper  ERROR: insert or update on table "bookings" violates foreign key constraint "fk4ikdodunfq8l07h8xln7bwddn"
  Detail: Key (participant_id)=(user6) is not present in table "participants".
19:41:43.003 [main] log-level=ERROR o.h.e.jdbc.spi.SqlExceptionHelper  ERROR: insert or update on table "bookings" violates foreign key constraint "fk4ikdodunfq8l07h8xln7bwddn"
  Detail: Key (participant_id)=(user7) is not present in table "participants".
19:41:43.009 [main] log-level=ERROR o.h.e.jdbc.spi.SqlExceptionHelper  ERROR: insert or update on table "bookings" violates foreign key constraint "fk4ikdodunfq8l07h8xln7bwddn"
  Detail: Key (participant_id)=(user6) is not present in table "participants".
19:41:43.013 [main] log-level=ERROR o.h.e.jdbc.spi.SqlExceptionHelper  ERROR: insert or update on table "bookings" violates foreign key constraint "fk4ikdodunfq8l07h8xln7bwddn"
  Detail: Key (participant_id)=(user5) is not present in table "participants".
19:44:17.185 [main] log-level=ERROR o.h.e.jdbc.spi.SqlExceptionHelper  ERROR: insert or update on table "bookings" violates foreign key constraint "fkd449xt6t0l6t93pc0de36hxwh"
  Detail: Key (id)=(user4) is not present in table "participants".
19:44:17.198 [main] log-level=ERROR o.h.e.jdbc.spi.SqlExceptionHelper  ERROR: insert or update on table "bookings" violates foreign key constraint "fkd449xt6t0l6t93pc0de36hxwh"
  Detail: Key (id)=(user6) is not present in table "participants".
19:44:17.204 [main] log-level=ERROR o.h.e.jdbc.spi.SqlExceptionHelper  ERROR: insert or update on table "bookings" violates foreign key constraint "fkd449xt6t0l6t93pc0de36hxwh"
  Detail: Key (id)=(user6) is not present in table "participants".
19:44:17.211 [main] log-level=ERROR o.h.e.jdbc.spi.SqlExceptionHelper  ERROR: insert or update on table "bookings" violates foreign key constraint "fkd449xt6t0l6t93pc0de36hxwh"
  Detail: Key (id)=(user2) is not present in table "participants".
19:44:17.217 [main] log-level=ERROR o.h.e.jdbc.spi.SqlExceptionHelper  ERROR: insert or update on table "bookings" violates foreign key constraint "fkd449xt6t0l6t93pc0de36hxwh"
  Detail: Key (id)=(user7) is not present in table "participants".
19:44:17.225 [main] log-level=ERROR o.h.e.jdbc.spi.SqlExceptionHelper  ERROR: insert or update on table "bookings" violates foreign key constraint "fkd449xt6t0l6t93pc0de36hxwh"
  Detail: Key (id)=(user7) is not present in table "participants".
19:44:17.231 [main] log-level=ERROR o.h.e.jdbc.spi.SqlExceptionHelper  ERROR: insert or update on table "bookings" violates foreign key constraint "fkd449xt6t0l6t93pc0de36hxwh"
  Detail: Key (id)=(user7) is not present in table "participants".
19:44:17.237 [main] log-level=ERROR o.h.e.jdbc.spi.SqlExceptionHelper  ERROR: insert or update on table "bookings" violates foreign key constraint "fkd449xt6t0l6t93pc0de36hxwh"
  Detail: Key (id)=(user6) is not present in table "participants".
19:44:17.243 [main] log-level=ERROR o.h.e.jdbc.spi.SqlExceptionHelper  ERROR: insert or update on table "bookings" violates foreign key constraint "fkd449xt6t0l6t93pc0de36hxwh"
  Detail: Key (id)=(user5) is not present in table "participants".
19:44:17.248 [main] log-level=ERROR o.h.e.jdbc.spi.SqlExceptionHelper  ERROR: insert or update on table "bookings" violates foreign key constraint "fkd449xt6t0l6t93pc0de36hxwh"
  Detail: Key (id)=(user1) is not present in table "participants".
19:44:17.255 [main] log-level=ERROR o.h.e.jdbc.spi.SqlExceptionHelper  ERROR: insert or update on table "bookings" violates foreign key constraint "fkd449xt6t0l6t93pc0de36hxwh"
  Detail: Key (id)=(user6) is not present in table "participants".
19:44:17.261 [main] log-level=ERROR o.h.e.jdbc.spi.SqlExceptionHelper  ERROR: insert or update on table "bookings" violates foreign key constraint "fkd449xt6t0l6t93pc0de36hxwh"
  Detail: Key (id)=(user3) is not present in table "participants".
19:44:17.270 [main] log-level=ERROR o.h.e.jdbc.spi.SqlExceptionHelper  ERROR: insert or update on table "bookings" violates foreign key constraint "fkd449xt6t0l6t93pc0de36hxwh"
  Detail: Key (id)=(user3) is not present in table "participants".
19:44:17.276 [main] log-level=ERROR o.h.e.jdbc.spi.SqlExceptionHelper  ERROR: insert or update on table "bookings" violates foreign key constraint "fkd449xt6t0l6t93pc0de36hxwh"
  Detail: Key (id)=(user5) is not present in table "participants".
19:44:17.281 [main] log-level=ERROR o.h.e.jdbc.spi.SqlExceptionHelper  ERROR: insert or update on table "bookings" violates foreign key constraint "fkd449xt6t0l6t93pc0de36hxwh"
  Detail: Key (id)=(user2) is not present in table "participants".
19:44:17.286 [main] log-level=ERROR o.h.e.jdbc.spi.SqlExceptionHelper  ERROR: insert or update on table "bookings" violates foreign key constraint "fkd449xt6t0l6t93pc0de36hxwh"
  Detail: Key (id)=(user4) is not present in table "participants".
19:44:17.291 [main] log-level=ERROR o.h.e.jdbc.spi.SqlExceptionHelper  ERROR: insert or update on table "bookings" violates foreign key constraint "fkd449xt6t0l6t93pc0de36hxwh"
  Detail: Key (id)=(user7) is not present in table "participants".
19:44:17.298 [main] log-level=ERROR o.h.e.jdbc.spi.SqlExceptionHelper  ERROR: insert or update on table "bookings" violates foreign key constraint "fkd449xt6t0l6t93pc0de36hxwh"
  Detail: Key (id)=(user3) is not present in table "participants".
19:44:17.303 [main] log-level=ERROR o.h.e.jdbc.spi.SqlExceptionHelper  ERROR: insert or update on table "bookings" violates foreign key constraint "fkd449xt6t0l6t93pc0de36hxwh"
  Detail: Key (id)=(super) is not present in table "participants".
19:44:17.309 [main] log-level=ERROR o.h.e.jdbc.spi.SqlExceptionHelper  ERROR: insert or update on table "bookings" violates foreign key constraint "fkd449xt6t0l6t93pc0de36hxwh"
  Detail: Key (id)=(super) is not present in table "participants".
19:44:17.315 [main] log-level=ERROR o.h.e.jdbc.spi.SqlExceptionHelper  ERROR: insert or update on table "bookings" violates foreign key constraint "fkd449xt6t0l6t93pc0de36hxwh"
  Detail: Key (id)=(user1) is not present in table "participants".
19:44:17.322 [main] log-level=ERROR o.h.e.jdbc.spi.SqlExceptionHelper  ERROR: insert or update on table "bookings" violates foreign key constraint "fkd449xt6t0l6t93pc0de36hxwh"
  Detail: Key (id)=(user3) is not present in table "participants".
19:44:17.329 [main] log-level=ERROR o.h.e.jdbc.spi.SqlExceptionHelper  ERROR: insert or update on table "bookings" violates foreign key constraint "fkd449xt6t0l6t93pc0de36hxwh"
  Detail: Key (id)=(user3) is not present in table "participants".
19:44:17.338 [main] log-level=ERROR o.h.e.jdbc.spi.SqlExceptionHelper  ERROR: insert or update on table "bookings" violates foreign key constraint "fkd449xt6t0l6t93pc0de36hxwh"
  Detail: Key (id)=(user5) is not present in table "participants".
19:44:17.346 [main] log-level=ERROR o.h.e.jdbc.spi.SqlExceptionHelper  ERROR: insert or update on table "bookings" violates foreign key constraint "fkd449xt6t0l6t93pc0de36hxwh"
  Detail: Key (id)=(super) is not present in table "participants".
19:44:17.352 [main] log-level=ERROR o.h.e.jdbc.spi.SqlExceptionHelper  ERROR: insert or update on table "bookings" violates foreign key constraint "fkd449xt6t0l6t93pc0de36hxwh"
  Detail: Key (id)=(user2) is not present in table "participants".
19:44:17.359 [main] log-level=ERROR o.h.e.jdbc.spi.SqlExceptionHelper  ERROR: insert or update on table "bookings" violates foreign key constraint "fkd449xt6t0l6t93pc0de36hxwh"
  Detail: Key (id)=(user5) is not present in table "participants".
19:44:17.366 [main] log-level=ERROR o.h.e.jdbc.spi.SqlExceptionHelper  ERROR: insert or update on table "bookings" violates foreign key constraint "fkd449xt6t0l6t93pc0de36hxwh"
  Detail: Key (id)=(user2) is not present in table "participants".
19:44:17.373 [main] log-level=ERROR o.h.e.jdbc.spi.SqlExceptionHelper  ERROR: insert or update on table "bookings" violates foreign key constraint "fkd449xt6t0l6t93pc0de36hxwh"
  Detail: Key (id)=(user6) is not present in table "participants".
19:44:17.380 [main] log-level=ERROR o.h.e.jdbc.spi.SqlExceptionHelper  ERROR: insert or update on table "bookings" violates foreign key constraint "fkd449xt6t0l6t93pc0de36hxwh"
  Detail: Key (id)=(super) is not present in table "participants".
19:44:17.388 [main] log-level=ERROR o.h.e.jdbc.spi.SqlExceptionHelper  ERROR: insert or update on table "bookings" violates foreign key constraint "fkd449xt6t0l6t93pc0de36hxwh"
  Detail: Key (id)=(user6) is not present in table "participants".
19:44:17.394 [main] log-level=ERROR o.h.e.jdbc.spi.SqlExceptionHelper  ERROR: insert or update on table "bookings" violates foreign key constraint "fkd449xt6t0l6t93pc0de36hxwh"
  Detail: Key (id)=(user2) is not present in table "participants".
19:44:17.401 [main] log-level=ERROR o.h.e.jdbc.spi.SqlExceptionHelper  ERROR: insert or update on table "bookings" violates foreign key constraint "fkd449xt6t0l6t93pc0de36hxwh"
  Detail: Key (id)=(user2) is not present in table "participants".
19:44:17.407 [main] log-level=ERROR o.h.e.jdbc.spi.SqlExceptionHelper  ERROR: insert or update on table "bookings" violates foreign key constraint "fkd449xt6t0l6t93pc0de36hxwh"
  Detail: Key (id)=(user4) is not present in table "participants".
19:44:17.413 [main] log-level=ERROR o.h.e.jdbc.spi.SqlExceptionHelper  ERROR: insert or update on table "bookings" violates foreign key constraint "fkd449xt6t0l6t93pc0de36hxwh"
  Detail: Key (id)=(user4) is not present in table "participants".
19:44:17.420 [main] log-level=ERROR o.h.e.jdbc.spi.SqlExceptionHelper  ERROR: insert or update on table "bookings" violates foreign key constraint "fkd449xt6t0l6t93pc0de36hxwh"
  Detail: Key (id)=(admin) is not present in table "participants".
19:44:17.427 [main] log-level=ERROR o.h.e.jdbc.spi.SqlExceptionHelper  ERROR: insert or update on table "bookings" violates foreign key constraint "fkd449xt6t0l6t93pc0de36hxwh"
  Detail: Key (id)=(admin) is not present in table "participants".
19:44:17.432 [main] log-level=ERROR o.h.e.jdbc.spi.SqlExceptionHelper  ERROR: insert or update on table "bookings" violates foreign key constraint "fkd449xt6t0l6t93pc0de36hxwh"
  Detail: Key (id)=(user3) is not present in table "participants".
19:44:17.438 [main] log-level=ERROR o.h.e.jdbc.spi.SqlExceptionHelper  ERROR: insert or update on table "bookings" violates foreign key constraint "fkd449xt6t0l6t93pc0de36hxwh"
  Detail: Key (id)=(user2) is not present in table "participants".
19:44:17.443 [main] log-level=ERROR o.h.e.jdbc.spi.SqlExceptionHelper  ERROR: insert or update on table "bookings" violates foreign key constraint "fkd449xt6t0l6t93pc0de36hxwh"
  Detail: Key (id)=(user4) is not present in table "participants".
19:45:20.415 [main] log-level=ERROR o.h.e.jdbc.spi.SqlExceptionHelper  ERROR: insert or update on table "bookings" violates foreign key constraint "fkwom6bhyk6ao5n0s02g5sl3kp"
  Detail: Key (username)=(user7) is not present in table "participants".
19:45:20.427 [main] log-level=ERROR o.h.e.jdbc.spi.SqlExceptionHelper  ERROR: insert or update on table "bookings" violates foreign key constraint "fkwom6bhyk6ao5n0s02g5sl3kp"
  Detail: Key (username)=(user7) is not present in table "participants".
19:45:20.433 [main] log-level=ERROR o.h.e.jdbc.spi.SqlExceptionHelper  ERROR: insert or update on table "bookings" violates foreign key constraint "fkwom6bhyk6ao5n0s02g5sl3kp"
  Detail: Key (username)=(user3) is not present in table "participants".
19:45:20.439 [main] log-level=ERROR o.h.e.jdbc.spi.SqlExceptionHelper  ERROR: insert or update on table "bookings" violates foreign key constraint "fkwom6bhyk6ao5n0s02g5sl3kp"
  Detail: Key (username)=(user2) is not present in table "participants".
19:45:20.448 [main] log-level=ERROR o.h.e.jdbc.spi.SqlExceptionHelper  ERROR: insert or update on table "bookings" violates foreign key constraint "fkwom6bhyk6ao5n0s02g5sl3kp"
  Detail: Key (username)=(user3) is not present in table "participants".
19:45:20.454 [main] log-level=ERROR o.h.e.jdbc.spi.SqlExceptionHelper  ERROR: insert or update on table "bookings" violates foreign key constraint "fkwom6bhyk6ao5n0s02g5sl3kp"
  Detail: Key (username)=(user6) is not present in table "participants".
19:45:20.462 [main] log-level=ERROR o.h.e.jdbc.spi.SqlExceptionHelper  ERROR: insert or update on table "bookings" violates foreign key constraint "fkwom6bhyk6ao5n0s02g5sl3kp"
  Detail: Key (username)=(user3) is not present in table "participants".
19:45:20.468 [main] log-level=ERROR o.h.e.jdbc.spi.SqlExceptionHelper  ERROR: insert or update on table "bookings" violates foreign key constraint "fkwom6bhyk6ao5n0s02g5sl3kp"
  Detail: Key (username)=(admin) is not present in table "participants".
19:45:20.474 [main] log-level=ERROR o.h.e.jdbc.spi.SqlExceptionHelper  ERROR: insert or update on table "bookings" violates foreign key constraint "fkwom6bhyk6ao5n0s02g5sl3kp"
  Detail: Key (username)=(user4) is not present in table "participants".
19:45:20.480 [main] log-level=ERROR o.h.e.jdbc.spi.SqlExceptionHelper  ERROR: insert or update on table "bookings" violates foreign key constraint "fkwom6bhyk6ao5n0s02g5sl3kp"
  Detail: Key (username)=(super) is not present in table "participants".
19:45:20.487 [main] log-level=ERROR o.h.e.jdbc.spi.SqlExceptionHelper  ERROR: insert or update on table "bookings" violates foreign key constraint "fkwom6bhyk6ao5n0s02g5sl3kp"
  Detail: Key (username)=(super) is not present in table "participants".
19:45:20.493 [main] log-level=ERROR o.h.e.jdbc.spi.SqlExceptionHelper  ERROR: insert or update on table "bookings" violates foreign key constraint "fkwom6bhyk6ao5n0s02g5sl3kp"
  Detail: Key (username)=(super) is not present in table "participants".
19:45:20.500 [main] log-level=ERROR o.h.e.jdbc.spi.SqlExceptionHelper  ERROR: insert or update on table "bookings" violates foreign key constraint "fkwom6bhyk6ao5n0s02g5sl3kp"
  Detail: Key (username)=(super) is not present in table "participants".
19:45:20.505 [main] log-level=ERROR o.h.e.jdbc.spi.SqlExceptionHelper  ERROR: insert or update on table "bookings" violates foreign key constraint "fkwom6bhyk6ao5n0s02g5sl3kp"
  Detail: Key (username)=(user3) is not present in table "participants".
19:45:20.509 [main] log-level=ERROR o.h.e.jdbc.spi.SqlExceptionHelper  ERROR: insert or update on table "bookings" violates foreign key constraint "fkwom6bhyk6ao5n0s02g5sl3kp"
  Detail: Key (username)=(user2) is not present in table "participants".
19:45:20.514 [main] log-level=ERROR o.h.e.jdbc.spi.SqlExceptionHelper  ERROR: insert or update on table "bookings" violates foreign key constraint "fkwom6bhyk6ao5n0s02g5sl3kp"
  Detail: Key (username)=(super) is not present in table "participants".
19:45:20.519 [main] log-level=ERROR o.h.e.jdbc.spi.SqlExceptionHelper  ERROR: insert or update on table "bookings" violates foreign key constraint "fkwom6bhyk6ao5n0s02g5sl3kp"
  Detail: Key (username)=(user2) is not present in table "participants".
19:45:20.524 [main] log-level=ERROR o.h.e.jdbc.spi.SqlExceptionHelper  ERROR: insert or update on table "bookings" violates foreign key constraint "fkwom6bhyk6ao5n0s02g5sl3kp"
  Detail: Key (username)=(user7) is not present in table "participants".
19:45:20.529 [main] log-level=ERROR o.h.e.jdbc.spi.SqlExceptionHelper  ERROR: insert or update on table "bookings" violates foreign key constraint "fkwom6bhyk6ao5n0s02g5sl3kp"
  Detail: Key (username)=(user6) is not present in table "participants".
19:45:20.534 [main] log-level=ERROR o.h.e.jdbc.spi.SqlExceptionHelper  ERROR: insert or update on table "bookings" violates foreign key constraint "fkwom6bhyk6ao5n0s02g5sl3kp"
  Detail: Key (username)=(user5) is not present in table "participants".
19:45:20.540 [main] log-level=ERROR o.h.e.jdbc.spi.SqlExceptionHelper  ERROR: insert or update on table "bookings" violates foreign key constraint "fkwom6bhyk6ao5n0s02g5sl3kp"
  Detail: Key (username)=(user4) is not present in table "participants".
19:45:20.546 [main] log-level=ERROR o.h.e.jdbc.spi.SqlExceptionHelper  ERROR: insert or update on table "bookings" violates foreign key constraint "fkwom6bhyk6ao5n0s02g5sl3kp"
  Detail: Key (username)=(user5) is not present in table "participants".
19:45:20.551 [main] log-level=ERROR o.h.e.jdbc.spi.SqlExceptionHelper  ERROR: insert or update on table "bookings" violates foreign key constraint "fkwom6bhyk6ao5n0s02g5sl3kp"
  Detail: Key (username)=(admin) is not present in table "participants".
19:45:20.559 [main] log-level=ERROR o.h.e.jdbc.spi.SqlExceptionHelper  ERROR: insert or update on table "bookings" violates foreign key constraint "fkwom6bhyk6ao5n0s02g5sl3kp"
  Detail: Key (username)=(user6) is not present in table "participants".
19:45:20.565 [main] log-level=ERROR o.h.e.jdbc.spi.SqlExceptionHelper  ERROR: insert or update on table "bookings" violates foreign key constraint "fkwom6bhyk6ao5n0s02g5sl3kp"
  Detail: Key (username)=(user7) is not present in table "participants".
19:45:20.571 [main] log-level=ERROR o.h.e.jdbc.spi.SqlExceptionHelper  ERROR: insert or update on table "bookings" violates foreign key constraint "fkwom6bhyk6ao5n0s02g5sl3kp"
  Detail: Key (username)=(user2) is not present in table "participants".
19:45:20.576 [main] log-level=ERROR o.h.e.jdbc.spi.SqlExceptionHelper  ERROR: insert or update on table "bookings" violates foreign key constraint "fkwom6bhyk6ao5n0s02g5sl3kp"
  Detail: Key (username)=(user5) is not present in table "participants".
19:45:20.585 [main] log-level=ERROR o.h.e.jdbc.spi.SqlExceptionHelper  ERROR: insert or update on table "bookings" violates foreign key constraint "fkwom6bhyk6ao5n0s02g5sl3kp"
  Detail: Key (username)=(user1) is not present in table "participants".
19:45:20.589 [main] log-level=ERROR o.h.e.jdbc.spi.SqlExceptionHelper  ERROR: insert or update on table "bookings" violates foreign key constraint "fkwom6bhyk6ao5n0s02g5sl3kp"
  Detail: Key (username)=(user7) is not present in table "participants".
19:45:20.594 [main] log-level=ERROR o.h.e.jdbc.spi.SqlExceptionHelper  ERROR: insert or update on table "bookings" violates foreign key constraint "fkwom6bhyk6ao5n0s02g5sl3kp"
  Detail: Key (username)=(user3) is not present in table "participants".
19:45:20.599 [main] log-level=ERROR o.h.e.jdbc.spi.SqlExceptionHelper  ERROR: insert or update on table "bookings" violates foreign key constraint "fkwom6bhyk6ao5n0s02g5sl3kp"
  Detail: Key (username)=(admin) is not present in table "participants".
19:45:20.604 [main] log-level=ERROR o.h.e.jdbc.spi.SqlExceptionHelper  ERROR: insert or update on table "bookings" violates foreign key constraint "fkwom6bhyk6ao5n0s02g5sl3kp"
  Detail: Key (username)=(user2) is not present in table "participants".
19:45:20.610 [main] log-level=ERROR o.h.e.jdbc.spi.SqlExceptionHelper  ERROR: insert or update on table "bookings" violates foreign key constraint "fkwom6bhyk6ao5n0s02g5sl3kp"
  Detail: Key (username)=(user3) is not present in table "participants".
19:45:20.618 [main] log-level=ERROR o.h.e.jdbc.spi.SqlExceptionHelper  ERROR: insert or update on table "bookings" violates foreign key constraint "fkwom6bhyk6ao5n0s02g5sl3kp"
  Detail: Key (username)=(user5) is not present in table "participants".
19:45:20.623 [main] log-level=ERROR o.h.e.jdbc.spi.SqlExceptionHelper  ERROR: insert or update on table "bookings" violates foreign key constraint "fkwom6bhyk6ao5n0s02g5sl3kp"
  Detail: Key (username)=(user1) is not present in table "participants".
19:45:20.628 [main] log-level=ERROR o.h.e.jdbc.spi.SqlExceptionHelper  ERROR: insert or update on table "bookings" violates foreign key constraint "fkwom6bhyk6ao5n0s02g5sl3kp"
  Detail: Key (username)=(user6) is not present in table "participants".
19:45:20.633 [main] log-level=ERROR o.h.e.jdbc.spi.SqlExceptionHelper  ERROR: insert or update on table "bookings" violates foreign key constraint "fkwom6bhyk6ao5n0s02g5sl3kp"
  Detail: Key (username)=(user3) is not present in table "participants".
19:45:20.638 [main] log-level=ERROR o.h.e.jdbc.spi.SqlExceptionHelper  ERROR: insert or update on table "bookings" violates foreign key constraint "fkwom6bhyk6ao5n0s02g5sl3kp"
  Detail: Key (username)=(admin) is not present in table "participants".
19:45:20.645 [main] log-level=ERROR o.h.e.jdbc.spi.SqlExceptionHelper  ERROR: insert or update on table "bookings" violates foreign key constraint "fkwom6bhyk6ao5n0s02g5sl3kp"
  Detail: Key (username)=(user4) is not present in table "participants".
19:45:20.650 [main] log-level=ERROR o.h.e.jdbc.spi.SqlExceptionHelper  ERROR: insert or update on table "bookings" violates foreign key constraint "fkwom6bhyk6ao5n0s02g5sl3kp"
  Detail: Key (username)=(user3) is not present in table "participants".
22:02:56.409 [main] log-level=ERROR o.h.e.jdbc.spi.SqlExceptionHelper  ERROR: duplicate key value violates unique constraint "participants_pkey"
  Detail: Key (username)=(user5) already exists.
22:02:56.441 [main] log-level=ERROR o.h.e.jdbc.spi.SqlExceptionHelper  ERROR: duplicate key value violates unique constraint "participants_pkey"
  Detail: Key (username)=(user2) already exists.
22:02:56.447 [main] log-level=ERROR o.h.e.jdbc.spi.SqlExceptionHelper  ERROR: duplicate key value violates unique constraint "participants_pkey"
  Detail: Key (username)=(user7) already exists.
22:02:56.453 [main] log-level=ERROR o.h.e.jdbc.spi.SqlExceptionHelper  ERROR: duplicate key value violates unique constraint "participants_pkey"
  Detail: Key (username)=(user6) already exists.
22:02:56.470 [main] log-level=ERROR o.h.e.jdbc.spi.SqlExceptionHelper  ERROR: duplicate key value violates unique constraint "participants_pkey"
  Detail: Key (username)=(user7) already exists.
22:02:56.476 [main] log-level=ERROR o.h.e.jdbc.spi.SqlExceptionHelper  ERROR: duplicate key value violates unique constraint "participants_pkey"
  Detail: Key (username)=(super) already exists.
22:02:56.482 [main] log-level=ERROR o.h.e.jdbc.spi.SqlExceptionHelper  ERROR: duplicate key value violates unique constraint "participants_pkey"
  Detail: Key (username)=(super) already exists.
22:02:56.495 [main] log-level=ERROR o.h.e.jdbc.spi.SqlExceptionHelper  ERROR: duplicate key value violates unique constraint "participants_pkey"
  Detail: Key (username)=(user3) already exists.
22:02:56.500 [main] log-level=ERROR o.h.e.jdbc.spi.SqlExceptionHelper  ERROR: duplicate key value violates unique constraint "participants_pkey"
  Detail: Key (username)=(admin) already exists.
22:02:56.517 [main] log-level=ERROR o.h.e.jdbc.spi.SqlExceptionHelper  ERROR: duplicate key value violates unique constraint "participants_pkey"
  Detail: Key (username)=(admin) already exists.
22:02:56.526 [main] log-level=ERROR o.h.e.jdbc.spi.SqlExceptionHelper  ERROR: duplicate key value violates unique constraint "participants_pkey"
  Detail: Key (username)=(user1) already exists.
22:02:56.537 [main] log-level=ERROR o.h.e.jdbc.spi.SqlExceptionHelper  ERROR: duplicate key value violates unique constraint "participants_pkey"
  Detail: Key (username)=(user3) already exists.
22:02:56.547 [main] log-level=ERROR o.h.e.jdbc.spi.SqlExceptionHelper  ERROR: duplicate key value violates unique constraint "participants_pkey"
  Detail: Key (username)=(user5) already exists.
22:02:56.556 [main] log-level=ERROR o.h.e.jdbc.spi.SqlExceptionHelper  ERROR: duplicate key value violates unique constraint "participants_pkey"
  Detail: Key (username)=(super) already exists.
22:02:56.577 [main] log-level=ERROR o.h.e.jdbc.spi.SqlExceptionHelper  ERROR: duplicate key value violates unique constraint "participants_pkey"
  Detail: Key (username)=(user7) already exists.
22:02:56.591 [main] log-level=ERROR o.h.e.jdbc.spi.SqlExceptionHelper  ERROR: duplicate key value violates unique constraint "participants_pkey"
  Detail: Key (username)=(super) already exists.
22:02:56.599 [main] log-level=ERROR o.h.e.jdbc.spi.SqlExceptionHelper  ERROR: duplicate key value violates unique constraint "participants_pkey"
  Detail: Key (username)=(admin) already exists.
22:02:56.606 [main] log-level=ERROR o.h.e.jdbc.spi.SqlExceptionHelper  ERROR: duplicate key value violates unique constraint "participants_pkey"
  Detail: Key (username)=(user7) already exists.
22:02:56.618 [main] log-level=ERROR o.h.e.jdbc.spi.SqlExceptionHelper  ERROR: duplicate key value violates unique constraint "participants_pkey"
  Detail: Key (username)=(user5) already exists.
22:02:56.636 [main] log-level=ERROR o.h.e.jdbc.spi.SqlExceptionHelper  ERROR: duplicate key value violates unique constraint "participants_pkey"
  Detail: Key (username)=(user6) already exists.
22:02:56.643 [main] log-level=ERROR o.h.e.jdbc.spi.SqlExceptionHelper  ERROR: duplicate key value violates unique constraint "participants_pkey"
  Detail: Key (username)=(user2) already exists.
22:02:56.652 [main] log-level=ERROR o.h.e.jdbc.spi.SqlExceptionHelper  ERROR: duplicate key value violates unique constraint "participants_pkey"
  Detail: Key (username)=(admin) already exists.
22:02:56.660 [main] log-level=ERROR o.h.e.jdbc.spi.SqlExceptionHelper  ERROR: duplicate key value violates unique constraint "participants_pkey"
  Detail: Key (username)=(super) already exists.
22:02:56.669 [main] log-level=ERROR o.h.e.jdbc.spi.SqlExceptionHelper  ERROR: duplicate key value violates unique constraint "participants_pkey"
  Detail: Key (username)=(user3) already exists.
22:02:56.677 [main] log-level=ERROR o.h.e.jdbc.spi.SqlExceptionHelper  ERROR: duplicate key value violates unique constraint "participants_pkey"
  Detail: Key (username)=(user6) already exists.
22:02:56.685 [main] log-level=ERROR o.h.e.jdbc.spi.SqlExceptionHelper  ERROR: duplicate key value violates unique constraint "participants_pkey"
  Detail: Key (username)=(user7) already exists.
22:02:56.692 [main] log-level=ERROR o.h.e.jdbc.spi.SqlExceptionHelper  ERROR: duplicate key value violates unique constraint "participants_pkey"
  Detail: Key (username)=(user4) already exists.
22:02:56.700 [main] log-level=ERROR o.h.e.jdbc.spi.SqlExceptionHelper  ERROR: duplicate key value violates unique constraint "participants_pkey"
  Detail: Key (username)=(user5) already exists.
22:02:56.707 [main] log-level=ERROR o.h.e.jdbc.spi.SqlExceptionHelper  ERROR: duplicate key value violates unique constraint "participants_pkey"
  Detail: Key (username)=(admin) already exists.
22:02:56.713 [main] log-level=ERROR o.h.e.jdbc.spi.SqlExceptionHelper  ERROR: duplicate key value violates unique constraint "participants_pkey"
  Detail: Key (username)=(admin) already exists.
22:02:56.718 [main] log-level=ERROR o.h.e.jdbc.spi.SqlExceptionHelper  ERROR: duplicate key value violates unique constraint "participants_pkey"
  Detail: Key (username)=(user5) already exists.
22:05:39.308 [main] log-level=ERROR o.h.e.jdbc.spi.SqlExceptionHelper  ERROR: update or delete on table "users" violates foreign key constraint "fk4k3lqb9sr8oa3shsvpyl13hu3" on table "participants"
  Detail: Key (username)=(user1) is still referenced from table "participants".
22:06:34.012 [main] log-level=ERROR o.h.e.jdbc.spi.SqlExceptionHelper  ERROR: update or delete on table "users" violates foreign key constraint "fk4k3lqb9sr8oa3shsvpyl13hu3" on table "participants"
  Detail: Key (username)=(user1) is still referenced from table "participants".
22:06:59.704 [main] log-level=ERROR o.h.e.jdbc.spi.SqlExceptionHelper  ERROR: update or delete on table "participants" violates foreign key constraint "fkwom6bhyk6ao5n0s02g5sl3kp" on table "bookings"
  Detail: Key (username)=(user6) is still referenced from table "bookings".
23:43:09.309 [main] log-level=ERROR io.javalin.Javalin  Failed to start Javalin
